[2023-04-30T21:41:24.748+0000] {taskinstance.py:1083} INFO - Dependencies all met for <TaskInstance: basic_etl_dag.transform_task manual__2023-04-30T21:41:16.831491+00:00 [queued]>
[2023-04-30T21:41:24.755+0000] {taskinstance.py:1083} INFO - Dependencies all met for <TaskInstance: basic_etl_dag.transform_task manual__2023-04-30T21:41:16.831491+00:00 [queued]>
[2023-04-30T21:41:24.755+0000] {taskinstance.py:1279} INFO - 
--------------------------------------------------------------------------------
[2023-04-30T21:41:24.755+0000] {taskinstance.py:1280} INFO - Starting attempt 1 of 1
[2023-04-30T21:41:24.755+0000] {taskinstance.py:1281} INFO - 
--------------------------------------------------------------------------------
[2023-04-30T21:41:24.796+0000] {taskinstance.py:1300} INFO - Executing <Task(PythonOperator): transform_task> on 2023-04-30 21:41:16.831491+00:00
[2023-04-30T21:41:24.799+0000] {standard_task_runner.py:55} INFO - Started process 30912 to run task
[2023-04-30T21:41:24.804+0000] {standard_task_runner.py:82} INFO - Running: ['airflow', 'tasks', 'run', 'basic_etl_dag', 'transform_task', 'manual__2023-04-30T21:41:16.831491+00:00', '--job-id', '9', '--raw', '--subdir', 'DAGS_FOLDER/etl_dag.py', '--cfg-path', '/tmp/tmp76k6ziqf']
[2023-04-30T21:41:24.805+0000] {standard_task_runner.py:83} INFO - Job 9: Subtask transform_task
[2023-04-30T21:41:24.873+0000] {task_command.py:388} INFO - Running <TaskInstance: basic_etl_dag.transform_task manual__2023-04-30T21:41:16.831491+00:00 [running]> on host codespaces-f747d3
[2023-04-30T21:41:25.105+0000] {taskinstance.py:1507} INFO - Exporting the following env vars:
AIRFLOW_CTX_DAG_OWNER=airflow
AIRFLOW_CTX_DAG_ID=basic_etl_dag
AIRFLOW_CTX_TASK_ID=transform_task
AIRFLOW_CTX_EXECUTION_DATE=2023-04-30T21:41:16.831491+00:00
AIRFLOW_CTX_TRY_NUMBER=1
AIRFLOW_CTX_DAG_RUN_ID=manual__2023-04-30T21:41:16.831491+00:00
[2023-04-30T21:41:25.114+0000] {python.py:177} INFO - Done. Returned value was: None
[2023-04-30T21:41:25.118+0000] {taskinstance.py:1318} INFO - Marking task as SUCCESS. dag_id=basic_etl_dag, task_id=transform_task, execution_date=20230430T214116, start_date=20230430T214124, end_date=20230430T214125
[2023-04-30T21:41:25.176+0000] {local_task_job.py:208} INFO - Task exited with return code 0
[2023-04-30T21:41:25.191+0000] {taskinstance.py:2578} INFO - 1 downstream tasks scheduled from follow-on schedule check
