[2023-04-30T21:39:11.406+0000] {taskinstance.py:1083} INFO - Dependencies all met for <TaskInstance: basic_etl_dag.extract_task manual__2023-04-30T21:39:07.599803+00:00 [queued]>
[2023-04-30T21:39:11.412+0000] {taskinstance.py:1083} INFO - Dependencies all met for <TaskInstance: basic_etl_dag.extract_task manual__2023-04-30T21:39:07.599803+00:00 [queued]>
[2023-04-30T21:39:11.413+0000] {taskinstance.py:1279} INFO - 
--------------------------------------------------------------------------------
[2023-04-30T21:39:11.413+0000] {taskinstance.py:1280} INFO - Starting attempt 1 of 1
[2023-04-30T21:39:11.413+0000] {taskinstance.py:1281} INFO - 
--------------------------------------------------------------------------------
[2023-04-30T21:39:11.449+0000] {taskinstance.py:1300} INFO - Executing <Task(BashOperator): extract_task> on 2023-04-30 21:39:07.599803+00:00
[2023-04-30T21:39:11.452+0000] {standard_task_runner.py:55} INFO - Started process 30083 to run task
[2023-04-30T21:39:11.457+0000] {standard_task_runner.py:82} INFO - Running: ['airflow', 'tasks', 'run', 'basic_etl_dag', 'extract_task', 'manual__2023-04-30T21:39:07.599803+00:00', '--job-id', '4', '--raw', '--subdir', 'DAGS_FOLDER/etl_dag.py', '--cfg-path', '/tmp/tmpxhqvu2yx']
[2023-04-30T21:39:11.459+0000] {standard_task_runner.py:83} INFO - Job 4: Subtask extract_task
[2023-04-30T21:39:11.527+0000] {task_command.py:388} INFO - Running <TaskInstance: basic_etl_dag.extract_task manual__2023-04-30T21:39:07.599803+00:00 [running]> on host codespaces-f747d3
[2023-04-30T21:39:11.787+0000] {taskinstance.py:1507} INFO - Exporting the following env vars:
AIRFLOW_CTX_DAG_OWNER=airflow
AIRFLOW_CTX_DAG_ID=basic_etl_dag
AIRFLOW_CTX_TASK_ID=extract_task
AIRFLOW_CTX_EXECUTION_DATE=2023-04-30T21:39:07.599803+00:00
AIRFLOW_CTX_TRY_NUMBER=1
AIRFLOW_CTX_DAG_RUN_ID=manual__2023-04-30T21:39:07.599803+00:00
[2023-04-30T21:39:11.788+0000] {subprocess.py:63} INFO - Tmp dir root location: 
 /tmp
[2023-04-30T21:39:11.789+0000] {subprocess.py:75} INFO - Running command: ['/usr/bin/bash', '-c', 'wget -c https://datahub.io/core/s-and-p-500-companies/r/constituents.csv -O /workspaces/airflow_etl/data/exract_sp500.csv']
[2023-04-30T21:39:11.799+0000] {subprocess.py:86} INFO - Output:
[2023-04-30T21:39:11.802+0000] {subprocess.py:93} INFO - --2023-04-30 21:39:11--  https://datahub.io/core/s-and-p-500-companies/r/constituents.csv
[2023-04-30T21:39:11.804+0000] {subprocess.py:93} INFO - Resolving datahub.io (datahub.io)... 104.21.40.221, 172.67.157.38, 2606:4700:3033::6815:28dd, ...
[2023-04-30T21:39:11.809+0000] {subprocess.py:93} INFO - Connecting to datahub.io (datahub.io)|104.21.40.221|:443... connected.
[2023-04-30T21:39:13.325+0000] {subprocess.py:93} INFO - HTTP request sent, awaiting response... 302 Found
[2023-04-30T21:39:13.326+0000] {subprocess.py:93} INFO - Location: https://pkgstore.datahub.io/core/s-and-p-500-companies/constituents_csv/data/1beb8c524488247ccb27917bfcb581ec/constituents_csv.csv [following]
[2023-04-30T21:39:13.326+0000] {subprocess.py:93} INFO - --2023-04-30 21:39:13--  https://pkgstore.datahub.io/core/s-and-p-500-companies/constituents_csv/data/1beb8c524488247ccb27917bfcb581ec/constituents_csv.csv
[2023-04-30T21:39:13.326+0000] {subprocess.py:93} INFO - Resolving pkgstore.datahub.io (pkgstore.datahub.io)... 104.21.40.221, 172.67.157.38, 2606:4700:3033::6815:28dd, ...
[2023-04-30T21:39:13.332+0000] {subprocess.py:93} INFO - Connecting to pkgstore.datahub.io (pkgstore.datahub.io)|104.21.40.221|:443... connected.
[2023-04-30T21:39:13.402+0000] {subprocess.py:93} INFO - HTTP request sent, awaiting response... 416 Requested Range Not Satisfiable
[2023-04-30T21:39:13.403+0000] {subprocess.py:93} INFO - 
[2023-04-30T21:39:13.403+0000] {subprocess.py:93} INFO -     The file is already fully retrieved; nothing to do.
[2023-04-30T21:39:13.403+0000] {subprocess.py:93} INFO - 
[2023-04-30T21:39:13.403+0000] {subprocess.py:97} INFO - Command exited with return code 0
[2023-04-30T21:39:13.445+0000] {taskinstance.py:1318} INFO - Marking task as SUCCESS. dag_id=basic_etl_dag, task_id=extract_task, execution_date=20230430T213907, start_date=20230430T213911, end_date=20230430T213913
[2023-04-30T21:39:13.516+0000] {local_task_job.py:208} INFO - Task exited with return code 0
[2023-04-30T21:39:13.536+0000] {taskinstance.py:2578} INFO - 1 downstream tasks scheduled from follow-on schedule check
