[2023-04-30T21:45:02.676+0000] {taskinstance.py:1083} INFO - Dependencies all met for <TaskInstance: basic_etl_dag.load_task manual__2023-04-30T21:44:51.347568+00:00 [queued]>
[2023-04-30T21:45:02.686+0000] {taskinstance.py:1083} INFO - Dependencies all met for <TaskInstance: basic_etl_dag.load_task manual__2023-04-30T21:44:51.347568+00:00 [queued]>
[2023-04-30T21:45:02.687+0000] {taskinstance.py:1279} INFO - 
--------------------------------------------------------------------------------
[2023-04-30T21:45:02.687+0000] {taskinstance.py:1280} INFO - Starting attempt 1 of 1
[2023-04-30T21:45:02.687+0000] {taskinstance.py:1281} INFO - 
--------------------------------------------------------------------------------
[2023-04-30T21:45:02.731+0000] {taskinstance.py:1300} INFO - Executing <Task(BashOperator): load_task> on 2023-04-30 21:44:51.347568+00:00
[2023-04-30T21:45:02.736+0000] {standard_task_runner.py:55} INFO - Started process 32379 to run task
[2023-04-30T21:45:02.744+0000] {standard_task_runner.py:82} INFO - Running: ['airflow', 'tasks', 'run', 'basic_etl_dag', 'load_task', 'manual__2023-04-30T21:44:51.347568+00:00', '--job-id', '16', '--raw', '--subdir', 'DAGS_FOLDER/etl_dag.py', '--cfg-path', '/tmp/tmpgrngnqjf']
[2023-04-30T21:45:02.746+0000] {standard_task_runner.py:83} INFO - Job 16: Subtask load_task
[2023-04-30T21:45:02.817+0000] {task_command.py:388} INFO - Running <TaskInstance: basic_etl_dag.load_task manual__2023-04-30T21:44:51.347568+00:00 [running]> on host codespaces-f747d3
[2023-04-30T21:45:03.036+0000] {taskinstance.py:1507} INFO - Exporting the following env vars:
AIRFLOW_CTX_DAG_OWNER=airflow
AIRFLOW_CTX_DAG_ID=basic_etl_dag
AIRFLOW_CTX_TASK_ID=load_task
AIRFLOW_CTX_EXECUTION_DATE=2023-04-30T21:44:51.347568+00:00
AIRFLOW_CTX_TRY_NUMBER=1
AIRFLOW_CTX_DAG_RUN_ID=manual__2023-04-30T21:44:51.347568+00:00
[2023-04-30T21:45:03.037+0000] {subprocess.py:63} INFO - Tmp dir root location: 
 /tmp
[2023-04-30T21:45:03.038+0000] {subprocess.py:75} INFO - Running command: ['/usr/bin/bash', '-c', 'echo -e ".separator ","\n.import --skip 1 /workspaces/airflow_etl/data/transform_sp500.csv sp_500_sector_count" | sqlite3 /workspaces/airflow_etl/data/sp_500.db']
[2023-04-30T21:45:03.048+0000] {subprocess.py:86} INFO - Output:
[2023-04-30T21:45:03.079+0000] {subprocess.py:97} INFO - Command exited with return code 0
[2023-04-30T21:45:03.122+0000] {taskinstance.py:1318} INFO - Marking task as SUCCESS. dag_id=basic_etl_dag, task_id=load_task, execution_date=20230430T214451, start_date=20230430T214502, end_date=20230430T214503
[2023-04-30T21:45:03.193+0000] {local_task_job.py:208} INFO - Task exited with return code 0
[2023-04-30T21:45:03.204+0000] {taskinstance.py:2578} INFO - 0 downstream tasks scheduled from follow-on schedule check
