2023-04-30 20:49:48,223 INFO - Starting the scheduler
2023-04-30 20:49:48,224 INFO - Processing each file at most -1 times
2023-04-30 20:49:48,227 INFO - Loaded executor: SequentialExecutor
2023-04-30 20:49:48,234 INFO - Launched DagFileProcessorManager with pid: 5997
2023-04-30 20:49:48,237 INFO - Resetting orphaned tasks for active dag runs
2023-04-30 20:49:48,254 INFO - Configured default timezone Timezone('UTC')
2023-04-30 20:54:48,411 INFO - Resetting orphaned tasks for active dag runs
2023-04-30 20:59:48,455 INFO - Resetting orphaned tasks for active dag runs
2023-04-30 21:04:48,490 INFO - Resetting orphaned tasks for active dag runs
2023-04-30 21:09:48,532 INFO - Resetting orphaned tasks for active dag runs
2023-04-30 21:14:48,567 INFO - Resetting orphaned tasks for active dag runs
2023-04-30 21:19:48,610 INFO - Resetting orphaned tasks for active dag runs
2023-04-30 21:24:48,646 INFO - Resetting orphaned tasks for active dag runs
2023-04-30 21:29:48,680 INFO - Resetting orphaned tasks for active dag runs
2023-04-30 21:34:48,715 INFO - Resetting orphaned tasks for active dag runs
2023-04-30 21:37:40,745 INFO - 1 tasks up for execution:
	<TaskInstance: basic_etl_dag.extract_task manual__2023-04-30T21:37:39.173828+00:00 [scheduled]>
2023-04-30 21:37:40,745 INFO - DAG basic_etl_dag has 0/16 running and queued tasks
2023-04-30 21:37:40,746 INFO - Setting the following tasks to queued state:
	<TaskInstance: basic_etl_dag.extract_task manual__2023-04-30T21:37:39.173828+00:00 [scheduled]>
2023-04-30 21:37:40,877 INFO - Sending TaskInstanceKey(dag_id='basic_etl_dag', task_id='extract_task', run_id='manual__2023-04-30T21:37:39.173828+00:00', try_number=1, map_index=-1) to executor with priority 3 and queue default
2023-04-30 21:37:40,877 INFO - Adding to queue: ['airflow', 'tasks', 'run', 'basic_etl_dag', 'extract_task', 'manual__2023-04-30T21:37:39.173828+00:00', '--local', '--subdir', 'DAGS_FOLDER/etl_dag.py']
2023-04-30 21:37:40,909 INFO - Executing command: ['airflow', 'tasks', 'run', 'basic_etl_dag', 'extract_task', 'manual__2023-04-30T21:37:39.173828+00:00', '--local', '--subdir', 'DAGS_FOLDER/etl_dag.py']
2023-04-30 21:37:46,181 INFO - Executor reports execution of basic_etl_dag.extract_task run_id=manual__2023-04-30T21:37:39.173828+00:00 exited with status success for try_number 1
2023-04-30 21:37:46,188 INFO - TaskInstance Finished: dag_id=basic_etl_dag, task_id=extract_task, run_id=manual__2023-04-30T21:37:39.173828+00:00, map_index=-1, run_start_date=2023-04-30 21:37:43.237971+00:00, run_end_date=2023-04-30 21:37:45.603897+00:00, run_duration=2.365926, state=success, executor_state=success, try_number=1, max_tries=0, job_id=2, pool=default_pool, queue=default, priority_weight=3, operator=BashOperator, queued_dttm=2023-04-30 21:37:40.746676+00:00, queued_by_job_id=1, pid=29540
2023-04-30 21:37:46,373 INFO - 1 tasks up for execution:
	<TaskInstance: basic_etl_dag.transform_task manual__2023-04-30T21:37:39.173828+00:00 [scheduled]>
2023-04-30 21:37:46,375 INFO - DAG basic_etl_dag has 0/16 running and queued tasks
2023-04-30 21:37:46,375 INFO - Setting the following tasks to queued state:
	<TaskInstance: basic_etl_dag.transform_task manual__2023-04-30T21:37:39.173828+00:00 [scheduled]>
2023-04-30 21:37:46,378 INFO - Sending TaskInstanceKey(dag_id='basic_etl_dag', task_id='transform_task', run_id='manual__2023-04-30T21:37:39.173828+00:00', try_number=1, map_index=-1) to executor with priority 2 and queue default
2023-04-30 21:37:46,378 INFO - Adding to queue: ['airflow', 'tasks', 'run', 'basic_etl_dag', 'transform_task', 'manual__2023-04-30T21:37:39.173828+00:00', '--local', '--subdir', 'DAGS_FOLDER/etl_dag.py']
2023-04-30 21:37:46,407 INFO - Executing command: ['airflow', 'tasks', 'run', 'basic_etl_dag', 'transform_task', 'manual__2023-04-30T21:37:39.173828+00:00', '--local', '--subdir', 'DAGS_FOLDER/etl_dag.py']
2023-04-30 21:37:49,407 INFO - Executor reports execution of basic_etl_dag.transform_task run_id=manual__2023-04-30T21:37:39.173828+00:00 exited with status success for try_number 1
2023-04-30 21:37:49,411 INFO - TaskInstance Finished: dag_id=basic_etl_dag, task_id=transform_task, run_id=manual__2023-04-30T21:37:39.173828+00:00, map_index=-1, run_start_date=2023-04-30 21:37:48.429132+00:00, run_end_date=2023-04-30 21:37:48.813217+00:00, run_duration=0.384085, state=failed, executor_state=success, try_number=1, max_tries=0, job_id=3, pool=default_pool, queue=default, priority_weight=2, operator=PythonOperator, queued_dttm=2023-04-30 21:37:46.376322+00:00, queued_by_job_id=1, pid=29581
2023-04-30 21:37:49,448 ERROR - Marking run <DagRun basic_etl_dag @ 2023-04-30 21:37:39.173828+00:00: manual__2023-04-30T21:37:39.173828+00:00, state:running, queued_at: 2023-04-30 21:37:39.231772+00:00. externally triggered: True> failed
2023-04-30 21:37:49,448 INFO - DagRun Finished: dag_id=basic_etl_dag, execution_date=2023-04-30 21:37:39.173828+00:00, run_id=manual__2023-04-30T21:37:39.173828+00:00, run_start_date=2023-04-30 21:37:40.527976+00:00, run_end_date=2023-04-30 21:37:49.448673+00:00, run_duration=8.920697, state=failed, external_trigger=True, run_type=manual, data_interval_start=2023-04-30 21:37:39.173828+00:00, data_interval_end=2023-04-30 21:37:39.173828+00:00, dag_hash=a98d5dbfb01936821518bb58bb3bd8e5
2023-04-30 21:37:49,451 INFO - Setting next_dagrun for basic_etl_dag to None, run_after=None
2023-04-30 21:39:09,151 INFO - 1 tasks up for execution:
	<TaskInstance: basic_etl_dag.extract_task manual__2023-04-30T21:39:07.599803+00:00 [scheduled]>
2023-04-30 21:39:09,152 INFO - DAG basic_etl_dag has 0/16 running and queued tasks
2023-04-30 21:39:09,152 INFO - Setting the following tasks to queued state:
	<TaskInstance: basic_etl_dag.extract_task manual__2023-04-30T21:39:07.599803+00:00 [scheduled]>
2023-04-30 21:39:09,155 INFO - Sending TaskInstanceKey(dag_id='basic_etl_dag', task_id='extract_task', run_id='manual__2023-04-30T21:39:07.599803+00:00', try_number=1, map_index=-1) to executor with priority 3 and queue default
2023-04-30 21:39:09,156 INFO - Adding to queue: ['airflow', 'tasks', 'run', 'basic_etl_dag', 'extract_task', 'manual__2023-04-30T21:39:07.599803+00:00', '--local', '--subdir', 'DAGS_FOLDER/etl_dag.py']
2023-04-30 21:39:09,185 INFO - Executing command: ['airflow', 'tasks', 'run', 'basic_etl_dag', 'extract_task', 'manual__2023-04-30T21:39:07.599803+00:00', '--local', '--subdir', 'DAGS_FOLDER/etl_dag.py']
2023-04-30 21:39:14,017 INFO - Executor reports execution of basic_etl_dag.extract_task run_id=manual__2023-04-30T21:39:07.599803+00:00 exited with status success for try_number 1
2023-04-30 21:39:14,021 INFO - TaskInstance Finished: dag_id=basic_etl_dag, task_id=extract_task, run_id=manual__2023-04-30T21:39:07.599803+00:00, map_index=-1, run_start_date=2023-04-30 21:39:11.407445+00:00, run_end_date=2023-04-30 21:39:13.445298+00:00, run_duration=2.037853, state=success, executor_state=success, try_number=1, max_tries=0, job_id=4, pool=default_pool, queue=default, priority_weight=3, operator=BashOperator, queued_dttm=2023-04-30 21:39:09.153477+00:00, queued_by_job_id=1, pid=30083
2023-04-30 21:39:14,162 INFO - 1 tasks up for execution:
	<TaskInstance: basic_etl_dag.transform_task manual__2023-04-30T21:39:07.599803+00:00 [scheduled]>
2023-04-30 21:39:14,162 INFO - DAG basic_etl_dag has 0/16 running and queued tasks
2023-04-30 21:39:14,162 INFO - Setting the following tasks to queued state:
	<TaskInstance: basic_etl_dag.transform_task manual__2023-04-30T21:39:07.599803+00:00 [scheduled]>
2023-04-30 21:39:14,164 INFO - Sending TaskInstanceKey(dag_id='basic_etl_dag', task_id='transform_task', run_id='manual__2023-04-30T21:39:07.599803+00:00', try_number=1, map_index=-1) to executor with priority 2 and queue default
2023-04-30 21:39:14,164 INFO - Adding to queue: ['airflow', 'tasks', 'run', 'basic_etl_dag', 'transform_task', 'manual__2023-04-30T21:39:07.599803+00:00', '--local', '--subdir', 'DAGS_FOLDER/etl_dag.py']
2023-04-30 21:39:14,193 INFO - Executing command: ['airflow', 'tasks', 'run', 'basic_etl_dag', 'transform_task', 'manual__2023-04-30T21:39:07.599803+00:00', '--local', '--subdir', 'DAGS_FOLDER/etl_dag.py']
2023-04-30 21:39:17,038 INFO - Executor reports execution of basic_etl_dag.transform_task run_id=manual__2023-04-30T21:39:07.599803+00:00 exited with status success for try_number 1
2023-04-30 21:39:17,042 INFO - TaskInstance Finished: dag_id=basic_etl_dag, task_id=transform_task, run_id=manual__2023-04-30T21:39:07.599803+00:00, map_index=-1, run_start_date=2023-04-30 21:39:16.046164+00:00, run_end_date=2023-04-30 21:39:16.466089+00:00, run_duration=0.419925, state=failed, executor_state=success, try_number=1, max_tries=0, job_id=5, pool=default_pool, queue=default, priority_weight=2, operator=PythonOperator, queued_dttm=2023-04-30 21:39:14.162968+00:00, queued_by_job_id=1, pid=30099
2023-04-30 21:39:17,081 ERROR - Marking run <DagRun basic_etl_dag @ 2023-04-30 21:39:07.599803+00:00: manual__2023-04-30T21:39:07.599803+00:00, state:running, queued_at: 2023-04-30 21:39:07.607830+00:00. externally triggered: True> failed
2023-04-30 21:39:17,082 INFO - DagRun Finished: dag_id=basic_etl_dag, execution_date=2023-04-30 21:39:07.599803+00:00, run_id=manual__2023-04-30T21:39:07.599803+00:00, run_start_date=2023-04-30 21:39:08.998089+00:00, run_end_date=2023-04-30 21:39:17.082385+00:00, run_duration=8.084296, state=failed, external_trigger=True, run_type=manual, data_interval_start=2023-04-30 21:39:07.599803+00:00, data_interval_end=2023-04-30 21:39:07.599803+00:00, dag_hash=a98d5dbfb01936821518bb58bb3bd8e5
2023-04-30 21:39:17,084 INFO - Setting next_dagrun for basic_etl_dag to None, run_after=None
2023-04-30 21:39:48,750 INFO - Resetting orphaned tasks for active dag runs
2023-04-30 21:40:27,725 INFO - 1 tasks up for execution:
	<TaskInstance: basic_etl_dag.extract_task manual__2023-04-30T21:40:26.293455+00:00 [scheduled]>
2023-04-30 21:40:27,725 INFO - DAG basic_etl_dag has 0/16 running and queued tasks
2023-04-30 21:40:27,726 INFO - Setting the following tasks to queued state:
	<TaskInstance: basic_etl_dag.extract_task manual__2023-04-30T21:40:26.293455+00:00 [scheduled]>
2023-04-30 21:40:27,730 INFO - Sending TaskInstanceKey(dag_id='basic_etl_dag', task_id='extract_task', run_id='manual__2023-04-30T21:40:26.293455+00:00', try_number=1, map_index=-1) to executor with priority 3 and queue default
2023-04-30 21:40:27,730 INFO - Adding to queue: ['airflow', 'tasks', 'run', 'basic_etl_dag', 'extract_task', 'manual__2023-04-30T21:40:26.293455+00:00', '--local', '--subdir', 'DAGS_FOLDER/etl_dag.py']
2023-04-30 21:40:27,760 INFO - Executing command: ['airflow', 'tasks', 'run', 'basic_etl_dag', 'extract_task', 'manual__2023-04-30T21:40:26.293455+00:00', '--local', '--subdir', 'DAGS_FOLDER/etl_dag.py']
2023-04-30 21:40:32,685 INFO - Executor reports execution of basic_etl_dag.extract_task run_id=manual__2023-04-30T21:40:26.293455+00:00 exited with status success for try_number 1
2023-04-30 21:40:32,689 INFO - TaskInstance Finished: dag_id=basic_etl_dag, task_id=extract_task, run_id=manual__2023-04-30T21:40:26.293455+00:00, map_index=-1, run_start_date=2023-04-30 21:40:30.252776+00:00, run_end_date=2023-04-30 21:40:32.128479+00:00, run_duration=1.875703, state=success, executor_state=success, try_number=1, max_tries=0, job_id=6, pool=default_pool, queue=default, priority_weight=3, operator=BashOperator, queued_dttm=2023-04-30 21:40:27.727263+00:00, queued_by_job_id=1, pid=30584
2023-04-30 21:40:33,213 INFO - 1 tasks up for execution:
	<TaskInstance: basic_etl_dag.transform_task manual__2023-04-30T21:40:26.293455+00:00 [scheduled]>
2023-04-30 21:40:33,213 INFO - DAG basic_etl_dag has 0/16 running and queued tasks
2023-04-30 21:40:33,213 INFO - Setting the following tasks to queued state:
	<TaskInstance: basic_etl_dag.transform_task manual__2023-04-30T21:40:26.293455+00:00 [scheduled]>
2023-04-30 21:40:33,215 INFO - Sending TaskInstanceKey(dag_id='basic_etl_dag', task_id='transform_task', run_id='manual__2023-04-30T21:40:26.293455+00:00', try_number=1, map_index=-1) to executor with priority 2 and queue default
2023-04-30 21:40:33,215 INFO - Adding to queue: ['airflow', 'tasks', 'run', 'basic_etl_dag', 'transform_task', 'manual__2023-04-30T21:40:26.293455+00:00', '--local', '--subdir', 'DAGS_FOLDER/etl_dag.py']
2023-04-30 21:40:33,243 INFO - Executing command: ['airflow', 'tasks', 'run', 'basic_etl_dag', 'transform_task', 'manual__2023-04-30T21:40:26.293455+00:00', '--local', '--subdir', 'DAGS_FOLDER/etl_dag.py']
2023-04-30 21:40:36,139 INFO - Executor reports execution of basic_etl_dag.transform_task run_id=manual__2023-04-30T21:40:26.293455+00:00 exited with status success for try_number 1
2023-04-30 21:40:36,144 INFO - TaskInstance Finished: dag_id=basic_etl_dag, task_id=transform_task, run_id=manual__2023-04-30T21:40:26.293455+00:00, map_index=-1, run_start_date=2023-04-30 21:40:35.205743+00:00, run_end_date=2023-04-30 21:40:35.559957+00:00, run_duration=0.354214, state=failed, executor_state=success, try_number=1, max_tries=0, job_id=7, pool=default_pool, queue=default, priority_weight=2, operator=PythonOperator, queued_dttm=2023-04-30 21:40:33.213985+00:00, queued_by_job_id=1, pid=30607
2023-04-30 21:40:36,185 ERROR - Marking run <DagRun basic_etl_dag @ 2023-04-30 21:40:26.293455+00:00: manual__2023-04-30T21:40:26.293455+00:00, state:running, queued_at: 2023-04-30 21:40:26.299688+00:00. externally triggered: True> failed
2023-04-30 21:40:36,185 INFO - DagRun Finished: dag_id=basic_etl_dag, execution_date=2023-04-30 21:40:26.293455+00:00, run_id=manual__2023-04-30T21:40:26.293455+00:00, run_start_date=2023-04-30 21:40:27.574623+00:00, run_end_date=2023-04-30 21:40:36.185700+00:00, run_duration=8.611077, state=failed, external_trigger=True, run_type=manual, data_interval_start=2023-04-30 21:40:26.293455+00:00, data_interval_end=2023-04-30 21:40:26.293455+00:00, dag_hash=a98d5dbfb01936821518bb58bb3bd8e5
2023-04-30 21:40:36,187 INFO - Setting next_dagrun for basic_etl_dag to None, run_after=None
2023-04-30 21:41:17,793 INFO - 1 tasks up for execution:
	<TaskInstance: basic_etl_dag.extract_task manual__2023-04-30T21:41:16.831491+00:00 [scheduled]>
2023-04-30 21:41:17,794 INFO - DAG basic_etl_dag has 0/16 running and queued tasks
2023-04-30 21:41:17,794 INFO - Setting the following tasks to queued state:
	<TaskInstance: basic_etl_dag.extract_task manual__2023-04-30T21:41:16.831491+00:00 [scheduled]>
2023-04-30 21:41:17,796 INFO - Sending TaskInstanceKey(dag_id='basic_etl_dag', task_id='extract_task', run_id='manual__2023-04-30T21:41:16.831491+00:00', try_number=1, map_index=-1) to executor with priority 3 and queue default
2023-04-30 21:41:17,796 INFO - Adding to queue: ['airflow', 'tasks', 'run', 'basic_etl_dag', 'extract_task', 'manual__2023-04-30T21:41:16.831491+00:00', '--local', '--subdir', 'DAGS_FOLDER/etl_dag.py']
2023-04-30 21:41:17,823 INFO - Executing command: ['airflow', 'tasks', 'run', 'basic_etl_dag', 'extract_task', 'manual__2023-04-30T21:41:16.831491+00:00', '--local', '--subdir', 'DAGS_FOLDER/etl_dag.py']
2023-04-30 21:41:22,517 INFO - Executor reports execution of basic_etl_dag.extract_task run_id=manual__2023-04-30T21:41:16.831491+00:00 exited with status success for try_number 1
2023-04-30 21:41:22,521 INFO - TaskInstance Finished: dag_id=basic_etl_dag, task_id=extract_task, run_id=manual__2023-04-30T21:41:16.831491+00:00, map_index=-1, run_start_date=2023-04-30 21:41:20.138011+00:00, run_end_date=2023-04-30 21:41:21.954724+00:00, run_duration=1.816713, state=success, executor_state=success, try_number=1, max_tries=0, job_id=8, pool=default_pool, queue=default, priority_weight=3, operator=BashOperator, queued_dttm=2023-04-30 21:41:17.794880+00:00, queued_by_job_id=1, pid=30871
2023-04-30 21:41:22,650 INFO - 1 tasks up for execution:
	<TaskInstance: basic_etl_dag.transform_task manual__2023-04-30T21:41:16.831491+00:00 [scheduled]>
2023-04-30 21:41:22,650 INFO - DAG basic_etl_dag has 0/16 running and queued tasks
2023-04-30 21:41:22,651 INFO - Setting the following tasks to queued state:
	<TaskInstance: basic_etl_dag.transform_task manual__2023-04-30T21:41:16.831491+00:00 [scheduled]>
2023-04-30 21:41:22,652 INFO - Sending TaskInstanceKey(dag_id='basic_etl_dag', task_id='transform_task', run_id='manual__2023-04-30T21:41:16.831491+00:00', try_number=1, map_index=-1) to executor with priority 2 and queue default
2023-04-30 21:41:22,653 INFO - Adding to queue: ['airflow', 'tasks', 'run', 'basic_etl_dag', 'transform_task', 'manual__2023-04-30T21:41:16.831491+00:00', '--local', '--subdir', 'DAGS_FOLDER/etl_dag.py']
2023-04-30 21:41:22,680 INFO - Executing command: ['airflow', 'tasks', 'run', 'basic_etl_dag', 'transform_task', 'manual__2023-04-30T21:41:16.831491+00:00', '--local', '--subdir', 'DAGS_FOLDER/etl_dag.py']
2023-04-30 21:41:25,687 INFO - Executor reports execution of basic_etl_dag.transform_task run_id=manual__2023-04-30T21:41:16.831491+00:00 exited with status success for try_number 1
2023-04-30 21:41:25,691 INFO - TaskInstance Finished: dag_id=basic_etl_dag, task_id=transform_task, run_id=manual__2023-04-30T21:41:16.831491+00:00, map_index=-1, run_start_date=2023-04-30 21:41:24.749162+00:00, run_end_date=2023-04-30 21:41:25.118599+00:00, run_duration=0.369437, state=success, executor_state=success, try_number=1, max_tries=0, job_id=9, pool=default_pool, queue=default, priority_weight=2, operator=PythonOperator, queued_dttm=2023-04-30 21:41:22.651567+00:00, queued_by_job_id=1, pid=30912
2023-04-30 21:41:25,768 INFO - 1 tasks up for execution:
	<TaskInstance: basic_etl_dag.load_task manual__2023-04-30T21:41:16.831491+00:00 [scheduled]>
2023-04-30 21:41:25,768 INFO - DAG basic_etl_dag has 0/16 running and queued tasks
2023-04-30 21:41:25,769 INFO - Setting the following tasks to queued state:
	<TaskInstance: basic_etl_dag.load_task manual__2023-04-30T21:41:16.831491+00:00 [scheduled]>
2023-04-30 21:41:25,770 INFO - Sending TaskInstanceKey(dag_id='basic_etl_dag', task_id='load_task', run_id='manual__2023-04-30T21:41:16.831491+00:00', try_number=1, map_index=-1) to executor with priority 1 and queue default
2023-04-30 21:41:25,770 INFO - Adding to queue: ['airflow', 'tasks', 'run', 'basic_etl_dag', 'load_task', 'manual__2023-04-30T21:41:16.831491+00:00', '--local', '--subdir', 'DAGS_FOLDER/etl_dag.py']
2023-04-30 21:41:25,798 INFO - Executing command: ['airflow', 'tasks', 'run', 'basic_etl_dag', 'load_task', 'manual__2023-04-30T21:41:16.831491+00:00', '--local', '--subdir', 'DAGS_FOLDER/etl_dag.py']
2023-04-30 21:41:28,828 INFO - Executor reports execution of basic_etl_dag.load_task run_id=manual__2023-04-30T21:41:16.831491+00:00 exited with status success for try_number 1
2023-04-30 21:41:28,832 INFO - TaskInstance Finished: dag_id=basic_etl_dag, task_id=load_task, run_id=manual__2023-04-30T21:41:16.831491+00:00, map_index=-1, run_start_date=2023-04-30 21:41:27.744578+00:00, run_end_date=2023-04-30 21:41:28.212265+00:00, run_duration=0.467687, state=success, executor_state=success, try_number=1, max_tries=0, job_id=10, pool=default_pool, queue=default, priority_weight=1, operator=BashOperator, queued_dttm=2023-04-30 21:41:25.769494+00:00, queued_by_job_id=1, pid=30927
2023-04-30 21:41:28,906 INFO - Marking run <DagRun basic_etl_dag @ 2023-04-30 21:41:16.831491+00:00: manual__2023-04-30T21:41:16.831491+00:00, state:running, queued_at: 2023-04-30 21:41:16.838606+00:00. externally triggered: True> successful
2023-04-30 21:41:28,906 INFO - DagRun Finished: dag_id=basic_etl_dag, execution_date=2023-04-30 21:41:16.831491+00:00, run_id=manual__2023-04-30T21:41:16.831491+00:00, run_start_date=2023-04-30 21:41:17.713950+00:00, run_end_date=2023-04-30 21:41:28.906562+00:00, run_duration=11.192612, state=success, external_trigger=True, run_type=manual, data_interval_start=2023-04-30 21:41:16.831491+00:00, data_interval_end=2023-04-30 21:41:16.831491+00:00, dag_hash=a98d5dbfb01936821518bb58bb3bd8e5
2023-04-30 21:41:28,908 INFO - Setting next_dagrun for basic_etl_dag to None, run_after=None
2023-04-30 21:43:39,217 INFO - 1 tasks up for execution:
	<TaskInstance: basic_etl_dag.extract_task manual__2023-04-30T21:43:38.258236+00:00 [scheduled]>
2023-04-30 21:43:39,217 INFO - DAG basic_etl_dag has 0/16 running and queued tasks
2023-04-30 21:43:39,217 INFO - Setting the following tasks to queued state:
	<TaskInstance: basic_etl_dag.extract_task manual__2023-04-30T21:43:38.258236+00:00 [scheduled]>
2023-04-30 21:43:39,254 INFO - Sending TaskInstanceKey(dag_id='basic_etl_dag', task_id='extract_task', run_id='manual__2023-04-30T21:43:38.258236+00:00', try_number=1, map_index=-1) to executor with priority 3 and queue default
2023-04-30 21:43:39,254 INFO - Adding to queue: ['airflow', 'tasks', 'run', 'basic_etl_dag', 'extract_task', 'manual__2023-04-30T21:43:38.258236+00:00', '--local', '--subdir', 'DAGS_FOLDER/etl_dag.py']
2023-04-30 21:43:39,287 INFO - Executing command: ['airflow', 'tasks', 'run', 'basic_etl_dag', 'extract_task', 'manual__2023-04-30T21:43:38.258236+00:00', '--local', '--subdir', 'DAGS_FOLDER/etl_dag.py']
2023-04-30 21:43:44,067 INFO - Executor reports execution of basic_etl_dag.extract_task run_id=manual__2023-04-30T21:43:38.258236+00:00 exited with status success for try_number 1
2023-04-30 21:43:44,073 INFO - TaskInstance Finished: dag_id=basic_etl_dag, task_id=extract_task, run_id=manual__2023-04-30T21:43:38.258236+00:00, map_index=-1, run_start_date=2023-04-30 21:43:41.486167+00:00, run_end_date=2023-04-30 21:43:43.448872+00:00, run_duration=1.962705, state=success, executor_state=success, try_number=1, max_tries=0, job_id=11, pool=default_pool, queue=default, priority_weight=3, operator=BashOperator, queued_dttm=2023-04-30 21:43:39.218480+00:00, queued_by_job_id=1, pid=31815
2023-04-30 21:43:44,216 INFO - 1 tasks up for execution:
	<TaskInstance: basic_etl_dag.transform_task manual__2023-04-30T21:43:38.258236+00:00 [scheduled]>
2023-04-30 21:43:44,217 INFO - DAG basic_etl_dag has 0/16 running and queued tasks
2023-04-30 21:43:44,217 INFO - Setting the following tasks to queued state:
	<TaskInstance: basic_etl_dag.transform_task manual__2023-04-30T21:43:38.258236+00:00 [scheduled]>
2023-04-30 21:43:44,218 INFO - Sending TaskInstanceKey(dag_id='basic_etl_dag', task_id='transform_task', run_id='manual__2023-04-30T21:43:38.258236+00:00', try_number=1, map_index=-1) to executor with priority 2 and queue default
2023-04-30 21:43:44,218 INFO - Adding to queue: ['airflow', 'tasks', 'run', 'basic_etl_dag', 'transform_task', 'manual__2023-04-30T21:43:38.258236+00:00', '--local', '--subdir', 'DAGS_FOLDER/etl_dag.py']
2023-04-30 21:43:44,247 INFO - Executing command: ['airflow', 'tasks', 'run', 'basic_etl_dag', 'transform_task', 'manual__2023-04-30T21:43:38.258236+00:00', '--local', '--subdir', 'DAGS_FOLDER/etl_dag.py']
2023-04-30 21:43:47,043 INFO - Executor reports execution of basic_etl_dag.transform_task run_id=manual__2023-04-30T21:43:38.258236+00:00 exited with status success for try_number 1
2023-04-30 21:43:47,048 INFO - TaskInstance Finished: dag_id=basic_etl_dag, task_id=transform_task, run_id=manual__2023-04-30T21:43:38.258236+00:00, map_index=-1, run_start_date=2023-04-30 21:43:46.126053+00:00, run_end_date=2023-04-30 21:43:46.486558+00:00, run_duration=0.360505, state=success, executor_state=success, try_number=1, max_tries=0, job_id=12, pool=default_pool, queue=default, priority_weight=2, operator=PythonOperator, queued_dttm=2023-04-30 21:43:44.217655+00:00, queued_by_job_id=1, pid=31855
2023-04-30 21:43:47,125 INFO - 1 tasks up for execution:
	<TaskInstance: basic_etl_dag.load_task manual__2023-04-30T21:43:38.258236+00:00 [scheduled]>
2023-04-30 21:43:47,126 INFO - DAG basic_etl_dag has 0/16 running and queued tasks
2023-04-30 21:43:47,126 INFO - Setting the following tasks to queued state:
	<TaskInstance: basic_etl_dag.load_task manual__2023-04-30T21:43:38.258236+00:00 [scheduled]>
2023-04-30 21:43:47,128 INFO - Sending TaskInstanceKey(dag_id='basic_etl_dag', task_id='load_task', run_id='manual__2023-04-30T21:43:38.258236+00:00', try_number=1, map_index=-1) to executor with priority 1 and queue default
2023-04-30 21:43:47,128 INFO - Adding to queue: ['airflow', 'tasks', 'run', 'basic_etl_dag', 'load_task', 'manual__2023-04-30T21:43:38.258236+00:00', '--local', '--subdir', 'DAGS_FOLDER/etl_dag.py']
2023-04-30 21:43:47,159 INFO - Executing command: ['airflow', 'tasks', 'run', 'basic_etl_dag', 'load_task', 'manual__2023-04-30T21:43:38.258236+00:00', '--local', '--subdir', 'DAGS_FOLDER/etl_dag.py']
2023-04-30 21:43:50,210 INFO - Executor reports execution of basic_etl_dag.load_task run_id=manual__2023-04-30T21:43:38.258236+00:00 exited with status success for try_number 1
2023-04-30 21:43:50,214 INFO - TaskInstance Finished: dag_id=basic_etl_dag, task_id=load_task, run_id=manual__2023-04-30T21:43:38.258236+00:00, map_index=-1, run_start_date=2023-04-30 21:43:49.220393+00:00, run_end_date=2023-04-30 21:43:49.689483+00:00, run_duration=0.46909, state=success, executor_state=success, try_number=1, max_tries=0, job_id=13, pool=default_pool, queue=default, priority_weight=1, operator=BashOperator, queued_dttm=2023-04-30 21:43:47.126717+00:00, queued_by_job_id=1, pid=31876
2023-04-30 21:43:50,703 INFO - Marking run <DagRun basic_etl_dag @ 2023-04-30 21:43:38.258236+00:00: manual__2023-04-30T21:43:38.258236+00:00, state:running, queued_at: 2023-04-30 21:43:38.268075+00:00. externally triggered: True> successful
2023-04-30 21:43:50,704 INFO - DagRun Finished: dag_id=basic_etl_dag, execution_date=2023-04-30 21:43:38.258236+00:00, run_id=manual__2023-04-30T21:43:38.258236+00:00, run_start_date=2023-04-30 21:43:39.109618+00:00, run_end_date=2023-04-30 21:43:50.704326+00:00, run_duration=11.594708, state=success, external_trigger=True, run_type=manual, data_interval_start=2023-04-30 21:43:38.258236+00:00, data_interval_end=2023-04-30 21:43:38.258236+00:00, dag_hash=a98d5dbfb01936821518bb58bb3bd8e5
2023-04-30 21:43:50,706 INFO - Setting next_dagrun for basic_etl_dag to None, run_after=None
2023-04-30 21:44:48,785 INFO - Resetting orphaned tasks for active dag runs
2023-04-30 21:44:52,922 INFO - 1 tasks up for execution:
	<TaskInstance: basic_etl_dag.extract_task manual__2023-04-30T21:44:51.347568+00:00 [scheduled]>
2023-04-30 21:44:52,927 INFO - DAG basic_etl_dag has 0/16 running and queued tasks
2023-04-30 21:44:52,928 INFO - Setting the following tasks to queued state:
	<TaskInstance: basic_etl_dag.extract_task manual__2023-04-30T21:44:51.347568+00:00 [scheduled]>
2023-04-30 21:44:53,009 INFO - Sending TaskInstanceKey(dag_id='basic_etl_dag', task_id='extract_task', run_id='manual__2023-04-30T21:44:51.347568+00:00', try_number=1, map_index=-1) to executor with priority 3 and queue default
2023-04-30 21:44:53,009 INFO - Adding to queue: ['airflow', 'tasks', 'run', 'basic_etl_dag', 'extract_task', 'manual__2023-04-30T21:44:51.347568+00:00', '--local', '--subdir', 'DAGS_FOLDER/etl_dag.py']
2023-04-30 21:44:53,038 INFO - Executing command: ['airflow', 'tasks', 'run', 'basic_etl_dag', 'extract_task', 'manual__2023-04-30T21:44:51.347568+00:00', '--local', '--subdir', 'DAGS_FOLDER/etl_dag.py']
2023-04-30 21:44:57,484 INFO - Executor reports execution of basic_etl_dag.extract_task run_id=manual__2023-04-30T21:44:51.347568+00:00 exited with status success for try_number 1
2023-04-30 21:44:57,488 INFO - TaskInstance Finished: dag_id=basic_etl_dag, task_id=extract_task, run_id=manual__2023-04-30T21:44:51.347568+00:00, map_index=-1, run_start_date=2023-04-30 21:44:55.026152+00:00, run_end_date=2023-04-30 21:44:56.901334+00:00, run_duration=1.875182, state=success, executor_state=success, try_number=1, max_tries=0, job_id=14, pool=default_pool, queue=default, priority_weight=3, operator=BashOperator, queued_dttm=2023-04-30 21:44:52.929406+00:00, queued_by_job_id=1, pid=32318
2023-04-30 21:44:57,600 INFO - 1 tasks up for execution:
	<TaskInstance: basic_etl_dag.transform_task manual__2023-04-30T21:44:51.347568+00:00 [scheduled]>
2023-04-30 21:44:57,601 INFO - DAG basic_etl_dag has 0/16 running and queued tasks
2023-04-30 21:44:57,601 INFO - Setting the following tasks to queued state:
	<TaskInstance: basic_etl_dag.transform_task manual__2023-04-30T21:44:51.347568+00:00 [scheduled]>
2023-04-30 21:44:57,603 INFO - Sending TaskInstanceKey(dag_id='basic_etl_dag', task_id='transform_task', run_id='manual__2023-04-30T21:44:51.347568+00:00', try_number=1, map_index=-1) to executor with priority 2 and queue default
2023-04-30 21:44:57,603 INFO - Adding to queue: ['airflow', 'tasks', 'run', 'basic_etl_dag', 'transform_task', 'manual__2023-04-30T21:44:51.347568+00:00', '--local', '--subdir', 'DAGS_FOLDER/etl_dag.py']
2023-04-30 21:44:57,632 INFO - Executing command: ['airflow', 'tasks', 'run', 'basic_etl_dag', 'transform_task', 'manual__2023-04-30T21:44:51.347568+00:00', '--local', '--subdir', 'DAGS_FOLDER/etl_dag.py']
2023-04-30 21:45:00,655 INFO - Executor reports execution of basic_etl_dag.transform_task run_id=manual__2023-04-30T21:44:51.347568+00:00 exited with status success for try_number 1
2023-04-30 21:45:00,660 INFO - TaskInstance Finished: dag_id=basic_etl_dag, task_id=transform_task, run_id=manual__2023-04-30T21:44:51.347568+00:00, map_index=-1, run_start_date=2023-04-30 21:44:59.628783+00:00, run_end_date=2023-04-30 21:45:00.078741+00:00, run_duration=0.449958, state=success, executor_state=success, try_number=1, max_tries=0, job_id=15, pool=default_pool, queue=default, priority_weight=2, operator=PythonOperator, queued_dttm=2023-04-30 21:44:57.601941+00:00, queued_by_job_id=1, pid=32358
2023-04-30 21:45:00,736 INFO - 1 tasks up for execution:
	<TaskInstance: basic_etl_dag.load_task manual__2023-04-30T21:44:51.347568+00:00 [scheduled]>
2023-04-30 21:45:00,736 INFO - DAG basic_etl_dag has 0/16 running and queued tasks
2023-04-30 21:45:00,736 INFO - Setting the following tasks to queued state:
	<TaskInstance: basic_etl_dag.load_task manual__2023-04-30T21:44:51.347568+00:00 [scheduled]>
2023-04-30 21:45:00,738 INFO - Sending TaskInstanceKey(dag_id='basic_etl_dag', task_id='load_task', run_id='manual__2023-04-30T21:44:51.347568+00:00', try_number=1, map_index=-1) to executor with priority 1 and queue default
2023-04-30 21:45:00,738 INFO - Adding to queue: ['airflow', 'tasks', 'run', 'basic_etl_dag', 'load_task', 'manual__2023-04-30T21:44:51.347568+00:00', '--local', '--subdir', 'DAGS_FOLDER/etl_dag.py']
2023-04-30 21:45:00,767 INFO - Executing command: ['airflow', 'tasks', 'run', 'basic_etl_dag', 'load_task', 'manual__2023-04-30T21:44:51.347568+00:00', '--local', '--subdir', 'DAGS_FOLDER/etl_dag.py']
2023-04-30 21:45:03,650 INFO - Executor reports execution of basic_etl_dag.load_task run_id=manual__2023-04-30T21:44:51.347568+00:00 exited with status success for try_number 1
2023-04-30 21:45:03,654 INFO - TaskInstance Finished: dag_id=basic_etl_dag, task_id=load_task, run_id=manual__2023-04-30T21:44:51.347568+00:00, map_index=-1, run_start_date=2023-04-30 21:45:02.677476+00:00, run_end_date=2023-04-30 21:45:03.121915+00:00, run_duration=0.444439, state=success, executor_state=success, try_number=1, max_tries=0, job_id=16, pool=default_pool, queue=default, priority_weight=1, operator=BashOperator, queued_dttm=2023-04-30 21:45:00.736985+00:00, queued_by_job_id=1, pid=32379
2023-04-30 21:45:03,724 INFO - Marking run <DagRun basic_etl_dag @ 2023-04-30 21:44:51.347568+00:00: manual__2023-04-30T21:44:51.347568+00:00, state:running, queued_at: 2023-04-30 21:44:51.366793+00:00. externally triggered: True> successful
2023-04-30 21:45:03,725 INFO - DagRun Finished: dag_id=basic_etl_dag, execution_date=2023-04-30 21:44:51.347568+00:00, run_id=manual__2023-04-30T21:44:51.347568+00:00, run_start_date=2023-04-30 21:44:52.695740+00:00, run_end_date=2023-04-30 21:45:03.725256+00:00, run_duration=11.029516, state=success, external_trigger=True, run_type=manual, data_interval_start=2023-04-30 21:44:51.347568+00:00, data_interval_end=2023-04-30 21:44:51.347568+00:00, dag_hash=a98d5dbfb01936821518bb58bb3bd8e5
2023-04-30 21:45:03,727 INFO - Setting next_dagrun for basic_etl_dag to None, run_after=None
2023-04-30 21:49:48,818 INFO - Resetting orphaned tasks for active dag runs
2023-04-30 21:50:02,752 INFO - 1 tasks up for execution:
	<TaskInstance: basic_etl_dag.extract_task manual__2023-04-30T21:50:01.810582+00:00 [scheduled]>
2023-04-30 21:50:02,753 INFO - DAG basic_etl_dag has 0/16 running and queued tasks
2023-04-30 21:50:02,753 INFO - Setting the following tasks to queued state:
	<TaskInstance: basic_etl_dag.extract_task manual__2023-04-30T21:50:01.810582+00:00 [scheduled]>
2023-04-30 21:50:02,758 INFO - Sending TaskInstanceKey(dag_id='basic_etl_dag', task_id='extract_task', run_id='manual__2023-04-30T21:50:01.810582+00:00', try_number=1, map_index=-1) to executor with priority 3 and queue default
2023-04-30 21:50:02,758 INFO - Adding to queue: ['airflow', 'tasks', 'run', 'basic_etl_dag', 'extract_task', 'manual__2023-04-30T21:50:01.810582+00:00', '--local', '--subdir', 'DAGS_FOLDER/etl_dag.py']
2023-04-30 21:50:02,788 INFO - Executing command: ['airflow', 'tasks', 'run', 'basic_etl_dag', 'extract_task', 'manual__2023-04-30T21:50:01.810582+00:00', '--local', '--subdir', 'DAGS_FOLDER/etl_dag.py']
2023-04-30 21:50:07,469 INFO - Executor reports execution of basic_etl_dag.extract_task run_id=manual__2023-04-30T21:50:01.810582+00:00 exited with status success for try_number 1
2023-04-30 21:50:07,473 INFO - TaskInstance Finished: dag_id=basic_etl_dag, task_id=extract_task, run_id=manual__2023-04-30T21:50:01.810582+00:00, map_index=-1, run_start_date=2023-04-30 21:50:05.067875+00:00, run_end_date=2023-04-30 21:50:06.896281+00:00, run_duration=1.828406, state=success, executor_state=success, try_number=1, max_tries=0, job_id=17, pool=default_pool, queue=default, priority_weight=3, operator=BashOperator, queued_dttm=2023-04-30 21:50:02.754436+00:00, queued_by_job_id=1, pid=1951
2023-04-30 21:50:07,583 INFO - 1 tasks up for execution:
	<TaskInstance: basic_etl_dag.transform_task manual__2023-04-30T21:50:01.810582+00:00 [scheduled]>
2023-04-30 21:50:07,583 INFO - DAG basic_etl_dag has 0/16 running and queued tasks
2023-04-30 21:50:07,583 INFO - Setting the following tasks to queued state:
	<TaskInstance: basic_etl_dag.transform_task manual__2023-04-30T21:50:01.810582+00:00 [scheduled]>
2023-04-30 21:50:07,585 INFO - Sending TaskInstanceKey(dag_id='basic_etl_dag', task_id='transform_task', run_id='manual__2023-04-30T21:50:01.810582+00:00', try_number=1, map_index=-1) to executor with priority 2 and queue default
2023-04-30 21:50:07,585 INFO - Adding to queue: ['airflow', 'tasks', 'run', 'basic_etl_dag', 'transform_task', 'manual__2023-04-30T21:50:01.810582+00:00', '--local', '--subdir', 'DAGS_FOLDER/etl_dag.py']
2023-04-30 21:50:07,614 INFO - Executing command: ['airflow', 'tasks', 'run', 'basic_etl_dag', 'transform_task', 'manual__2023-04-30T21:50:01.810582+00:00', '--local', '--subdir', 'DAGS_FOLDER/etl_dag.py']
2023-04-30 21:50:10,390 INFO - Executor reports execution of basic_etl_dag.transform_task run_id=manual__2023-04-30T21:50:01.810582+00:00 exited with status success for try_number 1
2023-04-30 21:50:10,394 INFO - TaskInstance Finished: dag_id=basic_etl_dag, task_id=transform_task, run_id=manual__2023-04-30T21:50:01.810582+00:00, map_index=-1, run_start_date=2023-04-30 21:50:09.437652+00:00, run_end_date=2023-04-30 21:50:09.795266+00:00, run_duration=0.357614, state=success, executor_state=success, try_number=1, max_tries=0, job_id=18, pool=default_pool, queue=default, priority_weight=2, operator=PythonOperator, queued_dttm=2023-04-30 21:50:07.584075+00:00, queued_by_job_id=1, pid=1977
2023-04-30 21:50:10,475 INFO - 1 tasks up for execution:
	<TaskInstance: basic_etl_dag.load_task manual__2023-04-30T21:50:01.810582+00:00 [scheduled]>
2023-04-30 21:50:10,475 INFO - DAG basic_etl_dag has 0/16 running and queued tasks
2023-04-30 21:50:10,476 INFO - Setting the following tasks to queued state:
	<TaskInstance: basic_etl_dag.load_task manual__2023-04-30T21:50:01.810582+00:00 [scheduled]>
2023-04-30 21:50:10,477 INFO - Sending TaskInstanceKey(dag_id='basic_etl_dag', task_id='load_task', run_id='manual__2023-04-30T21:50:01.810582+00:00', try_number=1, map_index=-1) to executor with priority 1 and queue default
2023-04-30 21:50:10,478 INFO - Adding to queue: ['airflow', 'tasks', 'run', 'basic_etl_dag', 'load_task', 'manual__2023-04-30T21:50:01.810582+00:00', '--local', '--subdir', 'DAGS_FOLDER/etl_dag.py']
2023-04-30 21:50:10,506 INFO - Executing command: ['airflow', 'tasks', 'run', 'basic_etl_dag', 'load_task', 'manual__2023-04-30T21:50:01.810582+00:00', '--local', '--subdir', 'DAGS_FOLDER/etl_dag.py']
2023-04-30 21:50:13,703 INFO - Executor reports execution of basic_etl_dag.load_task run_id=manual__2023-04-30T21:50:01.810582+00:00 exited with status success for try_number 1
2023-04-30 21:50:13,707 INFO - TaskInstance Finished: dag_id=basic_etl_dag, task_id=load_task, run_id=manual__2023-04-30T21:50:01.810582+00:00, map_index=-1, run_start_date=2023-04-30 21:50:12.461940+00:00, run_end_date=2023-04-30 21:50:13.047976+00:00, run_duration=0.586036, state=success, executor_state=success, try_number=1, max_tries=0, job_id=19, pool=default_pool, queue=default, priority_weight=1, operator=BashOperator, queued_dttm=2023-04-30 21:50:10.476599+00:00, queued_by_job_id=1, pid=1996
2023-04-30 21:50:13,783 INFO - Marking run <DagRun basic_etl_dag @ 2023-04-30 21:50:01.810582+00:00: manual__2023-04-30T21:50:01.810582+00:00, state:running, queued_at: 2023-04-30 21:50:01.817461+00:00. externally triggered: True> successful
2023-04-30 21:50:13,783 INFO - DagRun Finished: dag_id=basic_etl_dag, execution_date=2023-04-30 21:50:01.810582+00:00, run_id=manual__2023-04-30T21:50:01.810582+00:00, run_start_date=2023-04-30 21:50:02.452910+00:00, run_end_date=2023-04-30 21:50:13.783865+00:00, run_duration=11.330955, state=success, external_trigger=True, run_type=manual, data_interval_start=2023-04-30 21:50:01.810582+00:00, data_interval_end=2023-04-30 21:50:01.810582+00:00, dag_hash=a98d5dbfb01936821518bb58bb3bd8e5
2023-04-30 21:50:13,785 INFO - Setting next_dagrun for basic_etl_dag to None, run_after=None
