[2023-04-30T21:43:41.485+0000] {taskinstance.py:1083} INFO - Dependencies all met for <TaskInstance: basic_etl_dag.extract_task manual__2023-04-30T21:43:38.258236+00:00 [queued]>
[2023-04-30T21:43:41.491+0000] {taskinstance.py:1083} INFO - Dependencies all met for <TaskInstance: basic_etl_dag.extract_task manual__2023-04-30T21:43:38.258236+00:00 [queued]>
[2023-04-30T21:43:41.491+0000] {taskinstance.py:1279} INFO - 
--------------------------------------------------------------------------------
[2023-04-30T21:43:41.492+0000] {taskinstance.py:1280} INFO - Starting attempt 1 of 1
[2023-04-30T21:43:41.492+0000] {taskinstance.py:1281} INFO - 
--------------------------------------------------------------------------------
[2023-04-30T21:43:41.526+0000] {taskinstance.py:1300} INFO - Executing <Task(BashOperator): extract_task> on 2023-04-30 21:43:38.258236+00:00
[2023-04-30T21:43:41.530+0000] {standard_task_runner.py:55} INFO - Started process 31815 to run task
[2023-04-30T21:43:41.535+0000] {standard_task_runner.py:82} INFO - Running: ['airflow', 'tasks', 'run', 'basic_etl_dag', 'extract_task', 'manual__2023-04-30T21:43:38.258236+00:00', '--job-id', '11', '--raw', '--subdir', 'DAGS_FOLDER/etl_dag.py', '--cfg-path', '/tmp/tmpl042a96s']
[2023-04-30T21:43:41.536+0000] {standard_task_runner.py:83} INFO - Job 11: Subtask extract_task
[2023-04-30T21:43:41.613+0000] {task_command.py:388} INFO - Running <TaskInstance: basic_etl_dag.extract_task manual__2023-04-30T21:43:38.258236+00:00 [running]> on host codespaces-f747d3
[2023-04-30T21:43:41.833+0000] {taskinstance.py:1507} INFO - Exporting the following env vars:
AIRFLOW_CTX_DAG_OWNER=airflow
AIRFLOW_CTX_DAG_ID=basic_etl_dag
AIRFLOW_CTX_TASK_ID=extract_task
AIRFLOW_CTX_EXECUTION_DATE=2023-04-30T21:43:38.258236+00:00
AIRFLOW_CTX_TRY_NUMBER=1
AIRFLOW_CTX_DAG_RUN_ID=manual__2023-04-30T21:43:38.258236+00:00
[2023-04-30T21:43:41.834+0000] {subprocess.py:63} INFO - Tmp dir root location: 
 /tmp
[2023-04-30T21:43:41.834+0000] {subprocess.py:75} INFO - Running command: ['/usr/bin/bash', '-c', 'wget -c https://datahub.io/core/s-and-p-500-companies/r/constituents.csv -O /workspaces/airflow_etl/data/exract_sp500.csv']
[2023-04-30T21:43:41.841+0000] {subprocess.py:86} INFO - Output:
[2023-04-30T21:43:41.845+0000] {subprocess.py:93} INFO - --2023-04-30 21:43:41--  https://datahub.io/core/s-and-p-500-companies/r/constituents.csv
[2023-04-30T21:43:41.855+0000] {subprocess.py:93} INFO - Resolving datahub.io (datahub.io)... 172.67.157.38, 104.21.40.221, 2606:4700:3033::6815:28dd, ...
[2023-04-30T21:43:41.860+0000] {subprocess.py:93} INFO - Connecting to datahub.io (datahub.io)|172.67.157.38|:443... connected.
[2023-04-30T21:43:43.310+0000] {subprocess.py:93} INFO - HTTP request sent, awaiting response... 302 Found
[2023-04-30T21:43:43.310+0000] {subprocess.py:93} INFO - Location: https://pkgstore.datahub.io/core/s-and-p-500-companies/constituents_csv/data/1beb8c524488247ccb27917bfcb581ec/constituents_csv.csv [following]
[2023-04-30T21:43:43.310+0000] {subprocess.py:93} INFO - --2023-04-30 21:43:43--  https://pkgstore.datahub.io/core/s-and-p-500-companies/constituents_csv/data/1beb8c524488247ccb27917bfcb581ec/constituents_csv.csv
[2023-04-30T21:43:43.323+0000] {subprocess.py:93} INFO - Resolving pkgstore.datahub.io (pkgstore.datahub.io)... 172.67.157.38, 104.21.40.221, 2606:4700:3030::ac43:9d26, ...
[2023-04-30T21:43:43.328+0000] {subprocess.py:93} INFO - Connecting to pkgstore.datahub.io (pkgstore.datahub.io)|172.67.157.38|:443... connected.
[2023-04-30T21:43:43.395+0000] {subprocess.py:93} INFO - HTTP request sent, awaiting response... 416 Requested Range Not Satisfiable
[2023-04-30T21:43:43.396+0000] {subprocess.py:93} INFO - 
[2023-04-30T21:43:43.396+0000] {subprocess.py:93} INFO -     The file is already fully retrieved; nothing to do.
[2023-04-30T21:43:43.396+0000] {subprocess.py:93} INFO - 
[2023-04-30T21:43:43.397+0000] {subprocess.py:97} INFO - Command exited with return code 0
[2023-04-30T21:43:43.449+0000] {taskinstance.py:1318} INFO - Marking task as SUCCESS. dag_id=basic_etl_dag, task_id=extract_task, execution_date=20230430T214338, start_date=20230430T214341, end_date=20230430T214343
[2023-04-30T21:43:43.514+0000] {local_task_job.py:208} INFO - Task exited with return code 0
[2023-04-30T21:43:43.541+0000] {taskinstance.py:2578} INFO - 1 downstream tasks scheduled from follow-on schedule check
