[2023-04-30T21:43:46.125+0000] {taskinstance.py:1083} INFO - Dependencies all met for <TaskInstance: basic_etl_dag.transform_task manual__2023-04-30T21:43:38.258236+00:00 [queued]>
[2023-04-30T21:43:46.131+0000] {taskinstance.py:1083} INFO - Dependencies all met for <TaskInstance: basic_etl_dag.transform_task manual__2023-04-30T21:43:38.258236+00:00 [queued]>
[2023-04-30T21:43:46.132+0000] {taskinstance.py:1279} INFO - 
--------------------------------------------------------------------------------
[2023-04-30T21:43:46.132+0000] {taskinstance.py:1280} INFO - Starting attempt 1 of 1
[2023-04-30T21:43:46.132+0000] {taskinstance.py:1281} INFO - 
--------------------------------------------------------------------------------
[2023-04-30T21:43:46.169+0000] {taskinstance.py:1300} INFO - Executing <Task(PythonOperator): transform_task> on 2023-04-30 21:43:38.258236+00:00
[2023-04-30T21:43:46.173+0000] {standard_task_runner.py:55} INFO - Started process 31855 to run task
[2023-04-30T21:43:46.177+0000] {standard_task_runner.py:82} INFO - Running: ['airflow', 'tasks', 'run', 'basic_etl_dag', 'transform_task', 'manual__2023-04-30T21:43:38.258236+00:00', '--job-id', '12', '--raw', '--subdir', 'DAGS_FOLDER/etl_dag.py', '--cfg-path', '/tmp/tmpeju_7tup']
[2023-04-30T21:43:46.179+0000] {standard_task_runner.py:83} INFO - Job 12: Subtask transform_task
[2023-04-30T21:43:46.248+0000] {task_command.py:388} INFO - Running <TaskInstance: basic_etl_dag.transform_task manual__2023-04-30T21:43:38.258236+00:00 [running]> on host codespaces-f747d3
[2023-04-30T21:43:46.466+0000] {taskinstance.py:1507} INFO - Exporting the following env vars:
AIRFLOW_CTX_DAG_OWNER=airflow
AIRFLOW_CTX_DAG_ID=basic_etl_dag
AIRFLOW_CTX_TASK_ID=transform_task
AIRFLOW_CTX_EXECUTION_DATE=2023-04-30T21:43:38.258236+00:00
AIRFLOW_CTX_TRY_NUMBER=1
AIRFLOW_CTX_DAG_RUN_ID=manual__2023-04-30T21:43:38.258236+00:00
[2023-04-30T21:43:46.480+0000] {python.py:177} INFO - Done. Returned value was: None
[2023-04-30T21:43:46.486+0000] {taskinstance.py:1318} INFO - Marking task as SUCCESS. dag_id=basic_etl_dag, task_id=transform_task, execution_date=20230430T214338, start_date=20230430T214346, end_date=20230430T214346
[2023-04-30T21:43:46.549+0000] {local_task_job.py:208} INFO - Task exited with return code 0
[2023-04-30T21:43:46.569+0000] {taskinstance.py:2578} INFO - 1 downstream tasks scheduled from follow-on schedule check
